<?xml version="1.0" encoding="UTF-8"?>
<!-- Generated by org.testng.reporters.JUnitXMLReporter -->
<testsuite hostname="DESKTOP-KERRSTN" ignored="0" name="Default test" tests="3" failures="0" timestamp="2020-02-27T21:18:38 PST" time="27.102" errors="0">
  <testcase name="test1" time="3.332" classname="com.automationTasks.demoProject1.TestClass1"/>
  <testcase name="test2" time="2.446" classname="com.automationTasks.demoProject1.TestClass1"/>
  <testcase name="test3" time="4.48" classname="com.automationTasks.demoProject1.TestClass1"/>
</testsuite> <!-- Default test -->
